[debug] [2023-04-10T09:02:03.428Z] ----------------------------------------------------------------------
[debug] [2023-04-10T09:02:03.436Z] Command:       C:\Program Files\nodejs\node.exe C:\Users\User\AppData\Roaming\npm\node_modules\firebase-tools\lib\bin\firebase.js serve
[debug] [2023-04-10T09:02:03.438Z] CLI Version:   11.25.3
[debug] [2023-04-10T09:02:03.438Z] Platform:      win32
[debug] [2023-04-10T09:02:03.438Z] Node Version:  v18.12.1
[debug] [2023-04-10T09:02:03.444Z] Time:          Mon Apr 10 2023 12:02:03 GMT+0300 (East Africa Time)
[debug] [2023-04-10T09:02:03.445Z] ----------------------------------------------------------------------
[debug] 
[debug] [2023-04-10T09:02:03.939Z] > command requires scopes: ["email","openid","https://www.googleapis.com/auth/cloudplatformprojects.readonly","https://www.googleapis.com/auth/firebase","https://www.googleapis.com/auth/cloud-platform"]
[debug] [2023-04-10T09:02:03.940Z] > authorizing via signed-in user (kimuluemmanuel@gmail.com)
[debug] [2023-04-10T09:02:03.941Z] [iam] checking project manukimulu for permissions ["firebase.projects.get"]
[debug] [2023-04-10T09:02:03.946Z] >>> [apiv2][query] POST https://cloudresourcemanager.googleapis.com/v1/projects/manukimulu:testIamPermissions [none]
[debug] [2023-04-10T09:02:03.946Z] >>> [apiv2][(partial)header] POST https://cloudresourcemanager.googleapis.com/v1/projects/manukimulu:testIamPermissions x-goog-quota-user=projects/manukimulu
[debug] [2023-04-10T09:02:03.947Z] >>> [apiv2][body] POST https://cloudresourcemanager.googleapis.com/v1/projects/manukimulu:testIamPermissions {"permissions":["firebase.projects.get"]}
[debug] [2023-04-10T09:02:05.483Z] <<< [apiv2][status] POST https://cloudresourcemanager.googleapis.com/v1/projects/manukimulu:testIamPermissions 200
[debug] [2023-04-10T09:02:05.483Z] <<< [apiv2][body] POST https://cloudresourcemanager.googleapis.com/v1/projects/manukimulu:testIamPermissions {"permissions":["firebase.projects.get"]}
[debug] [2023-04-10T09:02:05.485Z] >>> [apiv2][query] GET https://firebase.googleapis.com/v1beta1/projects/manukimulu [none]
[debug] [2023-04-10T09:02:06.237Z] <<< [apiv2][status] GET https://firebase.googleapis.com/v1beta1/projects/manukimulu 200
[debug] [2023-04-10T09:02:06.237Z] <<< [apiv2][body] GET https://firebase.googleapis.com/v1beta1/projects/manukimulu {"projectId":"manukimulu","projectNumber":"920892020687","displayName":"manukimulu","name":"projects/manukimulu","resources":{"hostingSite":"manukimulu"},"state":"ACTIVE","etag":"1_b0269d75-a674-4c01-b227-6004fdfb9543"}
[info] 
[info] === Serving from 'C:\Users\User\Documents\mannu\personal\My Portfolio'...
[info] 
[debug] [2023-04-10T09:02:06.253Z] >>> [apiv2][query] GET https://firebasehosting.googleapis.com/v1beta1/projects/manukimulu/sites 
[debug] [2023-04-10T09:02:08.069Z] <<< [apiv2][status] GET https://firebasehosting.googleapis.com/v1beta1/projects/manukimulu/sites 200
[debug] [2023-04-10T09:02:08.069Z] <<< [apiv2][body] GET https://firebasehosting.googleapis.com/v1beta1/projects/manukimulu/sites {"sites":[{"name":"projects/manukimulu/sites/manukimulu","defaultUrl":"https://manukimulu.web.app","type":"DEFAULT_SITE"}]}
[debug] [2023-04-10T09:02:08.070Z] >>> [apiv2][query] GET https://firebase.googleapis.com/v1beta1/projects/manukimulu/webApps/-/config [none]
[debug] [2023-04-10T09:02:09.129Z] <<< [apiv2][status] GET https://firebase.googleapis.com/v1beta1/projects/manukimulu/webApps/-/config 200
[debug] [2023-04-10T09:02:09.130Z] <<< [apiv2][body] GET https://firebase.googleapis.com/v1beta1/projects/manukimulu/webApps/-/config {"projectId":"manukimulu","appId":"1:920892020687:web:c6a4f0334fb400067ce4ba","storageBucket":"manukimulu.appspot.com","apiKey":"AIzaSyClgbAVpndGiZNie6CIV9BaZlyr8avE2sM","authDomain":"manukimulu.firebaseapp.com","messagingSenderId":"920892020687","measurementId":"G-2VZETCFB22"}
[debug] [2023-04-10T09:02:09.224Z] >>> [apiv2][query] GET https://firebase.googleapis.com/v1beta1/projects/manukimulu [none]
[debug] [2023-04-10T09:02:09.754Z] <<< [apiv2][status] GET https://firebase.googleapis.com/v1beta1/projects/manukimulu 200
[debug] [2023-04-10T09:02:09.754Z] <<< [apiv2][body] GET https://firebase.googleapis.com/v1beta1/projects/manukimulu {"projectId":"manukimulu","projectNumber":"920892020687","displayName":"manukimulu","name":"projects/manukimulu","resources":{"hostingSite":"manukimulu"},"state":"ACTIVE","etag":"1_b0269d75-a674-4c01-b227-6004fdfb9543"}
[info] i  hosting[manukimulu]: Serving hosting files from: build {"metadata":{"emulator":{"name":"hosting"},"message":"Serving hosting files from: \u001b[1mbuild\u001b[22m"}}
[info] +  hosting[manukimulu]: Local server: http://localhost:5002 {"metadata":{"emulator":{"name":"hosting"},"message":"Local server: \u001b[4m\u001b[1mhttp://localhost:5002\u001b[22m\u001b[24m"}}
[info] i  hosting: ::1 - - [10/Apr/2023:09:04:33 +0000] "GET /src/fonts/* HTTP/1.1" 404 - "http://localhost:5002/" "Mozilla/5.0 (Windows NT 10.0; Win64; x64) AppleWebKit/537.36 (KHTML, like Gecko) Chrome/111.0.0.0 Safari/537.36" {"metadata":{"emulator":{"name":"hosting"},"message":"::1 - - [10/Apr/2023:09:04:33 +0000] \"GET /src/fonts/* HTTP/1.1\" 404 - \"http://localhost:5002/\" \"Mozilla/5.0 (Windows NT 10.0; Win64; x64) AppleWebKit/537.36 (KHTML, like Gecko) Chrome/111.0.0.0 Safari/537.36\""}}
